#
# A fatal error has been detected by the Java Runtime Environment:
#
#  EXCEPTION_ACCESS_VIOLATION (0xc0000005) at pc=0x000000006d841d46, pid=16724, tid=16436
#
# JRE version: 6.0_16-b01
# Java VM: Java HotSpot(TM) 64-Bit Server VM (14.2-b01 mixed mode windows-amd64 )
# Problematic frame:
# V  [jvm.dll+0x51d46]
#
# If you would like to submit a bug report, please visit:
#   http://java.sun.com/webapps/bugreport/crash.jsp
#

---------------  T H R E A D  ---------------

Current thread (0x0000000049885800):  JavaThread "CompilerThread0" daemon [_thread_in_native, id=16436, stack(0x0000000049ef0000,0x0000000049ff0000)]

siginfo: ExceptionCode=0xc0000005, reading address 0x0000000000000000

Registers:
EAX=0x00000000498a85a0, EBX=0x000000004b76dbc0, ECX=0x00000000498a8570, EDX=0x0000000049fec7a0
ESP=0x0000000049fec340, EBP=0x000000004cea7090, ESI=0x0000000049fec7a0, EDI=0x00000000498a8570
EIP=0x000000006d841d46, EFLAGS=0x0000000000010202

Top of Stack: (sp=0x0000000049fec340)
0x0000000049fec340:   000000000000006a 000000006db67512
0x0000000049fec350:   000000004dcc1ef0 000000006db58ccf
0x0000000049fec360:   0000000049fec7a0 0000000000000000
0x0000000049fec370:   0000000000000000 0000000000000000
0x0000000049fec380:   000000004b649480 000000006dba9e95
0x0000000049fec390:   000000004b76dbc0 0000000000000002
0x0000000049fec3a0:   0000000049fec7a0 00000000498a8570
0x0000000049fec3b0:   0000000049fedbc0 0000000000000000
0x0000000049fec3c0:   0000000049fec7a0 000000006dba90f4
0x0000000049fec3d0:   000000004b76dbc0 0000000000000003
0x0000000049fec3e0:   0000000049fec7a0 00000000498a8570
0x0000000049fec3f0:   0000000049fedbc0 0000000049884480
0x0000000049fec400:   0000000049fee570 000000006db1b728
0x0000000049fec410:   000000004b76dbc0 0000000000000001
0x0000000049fec420:   000000004b76dbc0 0000000049fedbc0
0x0000000049fec430:   0000000000000000 00000000003a0000 

Instructions: (pc=0x000000006d841d46)
0x000000006d841d36:   e0 48 8b 41 08 4c 8b 60 08 48 8b 68 10 4c 8b f1
0x000000006d841d46:   49 8b 04 24 49 8b cc 45 0f b6 f8 48 8b fa ff 10 


Stack: [0x0000000049ef0000,0x0000000049ff0000],  sp=0x0000000049fec340,  free space=1008k
Native frames: (J=compiled Java code, j=interpreted, Vv=VM code, C=native code)
V  [jvm.dll+0x51d46]


Current CompileTask:
C2:388      client.method85(IIIIIIIIIIZI)Z (1957 bytes)


---------------  P R O C E S S  ---------------

Java Threads: ( => current thread )
  0x00000000498e9000 JavaThread "Thread-19" daemon [_thread_blocked, id=16624, stack(0x000000004a6b0000,0x000000004a7b0000)]
  0x000000004e3c3800 JavaThread "Thread-18" daemon [_thread_blocked, id=16620, stack(0x000000004f3c0000,0x000000004f4c0000)]
  0x000000004b9ac000 JavaThread "Thread-17" daemon [_thread_blocked, id=15792, stack(0x000000004e190000,0x000000004e290000)]
  0x000000004b313800 JavaThread "Thread-8" daemon [_thread_blocked, id=16572, stack(0x000000004bff0000,0x000000004c0f0000)]
  0x000000004aff7000 JavaThread "Thread-7" daemon [_thread_in_Java, id=16760, stack(0x000000004c0f0000,0x000000004c1f0000)]
  0x00000000003ab000 JavaThread "DestroyJavaVM" [_thread_blocked, id=548, stack(0x00000000024a0000,0x00000000025a0000)]
  0x000000004b438000 JavaThread "Laf-Widget fade tracker" [_thread_blocked, id=16904, stack(0x000000004bbc0000,0x000000004bcc0000)]
  0x000000004b047000 JavaThread "AWT-EventQueue-0" [_thread_blocked, id=17212, stack(0x000000004aba0000,0x000000004aca0000)]
  0x00000000499a5800 JavaThread "AWT-Windows" daemon [_thread_in_native, id=17336, stack(0x000000004aaa0000,0x000000004aba0000)]
  0x0000000049900000 JavaThread "AWT-Shutdown" [_thread_blocked, id=13392, stack(0x000000004a9a0000,0x000000004aaa0000)]
  0x00000000498ff800 JavaThread "Java2D Disposer" daemon [_thread_blocked, id=17204, stack(0x000000004a8a0000,0x000000004a9a0000)]
  0x0000000049894800 JavaThread "Low Memory Detector" daemon [_thread_blocked, id=16692, stack(0x000000004a0f0000,0x000000004a1f0000)]
  0x000000004988b800 JavaThread "CompilerThread1" daemon [_thread_blocked, id=15452, stack(0x0000000049ff0000,0x000000004a0f0000)]
=>0x0000000049885800 JavaThread "CompilerThread0" daemon [_thread_in_native, id=16436, stack(0x0000000049ef0000,0x0000000049ff0000)]
  0x0000000049883800 JavaThread "Attach Listener" daemon [_thread_blocked, id=16396, stack(0x0000000049df0000,0x0000000049ef0000)]
  0x0000000049883000 JavaThread "Signal Dispatcher" daemon [_thread_blocked, id=16392, stack(0x0000000049cf0000,0x0000000049df0000)]
  0x0000000000f0b800 JavaThread "Finalizer" daemon [_thread_blocked, id=17156, stack(0x0000000049bf0000,0x0000000049cf0000)]
  0x0000000000f03000 JavaThread "Reference Handler" daemon [_thread_blocked, id=13548, stack(0x0000000049af0000,0x0000000049bf0000)]

Other Threads:
  0x0000000049831800 VMThread [stack: 0x00000000499f0000,0x0000000049af0000] [id=16856]
  0x0000000049899000 WatcherThread [stack: 0x000000004a1f0000,0x000000004a2f0000] [id=11908]

VM state:not at safepoint (normal execution)

VM Mutex/Monitor currently owned by a thread: None

Heap
 PSYoungGen      total 52480K, used 13727K [0x0000000034530000, 0x0000000039c00000, 0x0000000049280000)
  eden space 16960K, 9% used [0x0000000034530000,0x00000000346cfab0,0x00000000355c0000)
  from space 35520K, 33% used [0x0000000037950000,0x00000000385181e0,0x0000000039c00000)
  to   space 35968K, 0% used [0x00000000355c0000,0x00000000355c0000,0x00000000378e0000)
 PSOldGen        total 119744K, used 88511K [0x000000000aa80000, 0x0000000011f70000, 0x0000000034530000)
  object space 119744K, 73% used [0x000000000aa80000,0x00000000100effe0,0x0000000011f70000)
 PSPermGen       total 25664K, used 17345K [0x0000000005680000, 0x0000000006f90000, 0x000000000aa80000)
  object space 25664K, 67% used [0x0000000005680000,0x0000000006770590,0x0000000006f90000)

Dynamic libraries:
0x0000000000400000 - 0x000000000042e000 	C:\Windows\system32\java.exe
0x0000000077090000 - 0x0000000077210000 	C:\Windows\system32\ntdll.dll
0x0000000076e90000 - 0x0000000076fbc000 	C:\Windows\system32\kernel32.dll
0x000007fefd940000 - 0x000007fefda48000 	C:\Windows\system32\ADVAPI32.dll
0x000007fefe890000 - 0x000007fefe9cf000 	C:\Windows\system32\RPCRT4.dll
0x000000006d7f0000 - 0x000000006de4d000 	C:\Program Files\Java\jre6\bin\server\jvm.dll
0x0000000076fc0000 - 0x000000007708d000 	C:\Windows\system32\USER32.dll
0x000007fefd8d0000 - 0x000007fefd933000 	C:\Windows\system32\GDI32.dll
0x000007fefbe10000 - 0x000007fefbe49000 	C:\Windows\system32\WINMM.dll
0x000007fefef60000 - 0x000007fefeffc000 	C:\Windows\system32\msvcrt.dll
0x000007fefe6b0000 - 0x000007fefe888000 	C:\Windows\system32\ole32.dll
0x000007feff000000 - 0x000007feff0d3000 	C:\Windows\system32\OLEAUT32.dll
0x000007fefbdc0000 - 0x000007fefbe0f000 	C:\Windows\system32\OLEACC.dll
0x000007feff0e0000 - 0x000007feff10d000 	C:\Windows\system32\IMM32.DLL
0x000007feff180000 - 0x000007feff281000 	C:\Windows\system32\MSCTF.dll
0x000007feff110000 - 0x000007feff11d000 	C:\Windows\system32\LPK.DLL
0x000007fefecc0000 - 0x000007fefed5a000 	C:\Windows\system32\USP10.dll
0x000000006d760000 - 0x000000006d76e000 	C:\Program Files\Java\jre6\bin\verify.dll
0x000000006d3b0000 - 0x000000006d3d7000 	C:\Program Files\Java\jre6\bin\java.dll
0x000000006d310000 - 0x000000006d31a000 	C:\Program Files\Java\jre6\bin\hpi.dll
0x0000000077210000 - 0x0000000077219000 	C:\Windows\system32\PSAPI.DLL
0x000000006d7b0000 - 0x000000006d7c2000 	C:\Program Files\Java\jre6\bin\zip.dll
0x000000006d000000 - 0x000000006d1c1000 	C:\Program Files\Java\jre6\bin\awt.dll
0x000007fef9f90000 - 0x000007fef9fe8000 	C:\Windows\system32\WINSPOOL.DRV
0x000007fefda50000 - 0x000007fefe6a2000 	C:\Windows\system32\SHELL32.dll
0x000007fefec40000 - 0x000007fefecb3000 	C:\Windows\system32\SHLWAPI.dll
0x000007fefc0e0000 - 0x000007fefc2d9000 	C:\Windows\WinSxS\amd64_microsoft.windows.common-controls_6595b64144ccf1df_6.0.6001.18000_none_152e7382f3bd50c6\comctl32.dll
0x000000006d600000 - 0x000000006d617000 	C:\Program Files\Java\jre6\bin\net.dll
0x000007fefd7e0000 - 0x000007fefd824000 	C:\Windows\system32\WS2_32.dll
0x000007fefe9d0000 - 0x000007fefe9d7000 	C:\Windows\system32\NSI.dll
0x000007fefcb70000 - 0x000007fefcbbf000 	C:\Windows\system32\mswsock.dll
0x000007fefcbf0000 - 0x000007fefcbf7000 	C:\Windows\System32\wship6.dll
0x000007fefb190000 - 0x000007fefb1a1000 	C:\Windows\system32\DWMAPI.DLL
0x000007fefc480000 - 0x000007fefc4d1000 	C:\Windows\system32\uxtheme.dll
0x000000006d2a0000 - 0x000000006d30b000 	C:\Program Files\Java\jre6\bin\fontmanager.dll
0x000000006d210000 - 0x000000006d238000 	C:\Program Files\Java\jre6\bin\dcpr.dll
0x000000006d620000 - 0x000000006d62b000 	C:\Program Files\Java\jre6\bin\nio.dll
0x000007fefc890000 - 0x000007fefc8d7000 	C:\Windows\system32\rsaenh.dll
0x000007fefd650000 - 0x000007fefd676000 	C:\Windows\system32\USERENV.dll
0x000007fefd630000 - 0x000007fefd64c000 	C:\Windows\system32\Secur32.dll
0x000007fefbd60000 - 0x000007fefbd73000 	C:\Windows\system32\NLAapi.dll
0x000007fefce50000 - 0x000007fefce73000 	C:\Windows\system32\IPHLPAPI.DLL
0x000007fefce00000 - 0x000007fefce45000 	C:\Windows\system32\dhcpcsvc.DLL
0x000007fefd110000 - 0x000007fefd149000 	C:\Windows\system32\DNSAPI.dll
0x000007fefcdf0000 - 0x000007fefcdfa000 	C:\Windows\system32\WINNSI.DLL
0x000007fefcdc0000 - 0x000007fefcdeb000 	C:\Windows\system32\dhcpcsvc6.DLL
0x000007fef85f0000 - 0x000007fef8603000 	C:\Windows\system32\napinsp.dll
0x000007fef85d0000 - 0x000007fef85e7000 	C:\Windows\system32\pnrpnsp.dll
0x000007fef8620000 - 0x000007fef862b000 	C:\Windows\System32\winrnr.dll
0x000007feff120000 - 0x000007feff175000 	C:\Windows\system32\WLDAP32.dll
0x000000004ad20000 - 0x000000004ad55000 	C:\Program Files\Bonjour\mdnsNSP.dll
0x000007fefc800000 - 0x000007fefc807000 	C:\Windows\System32\wshtcpip.dll
0x000007fefb0c0000 - 0x000007fefb0c8000 	C:\Windows\system32\rasadhlp.dll
0x000000006d550000 - 0x000000006d5ff000 	C:\Program Files\Java\jre6\bin\mlib_image.dll

VM Arguments:
jvm_args: -Xmx1000m 
java_command: Gui 0 0 highmem members 32
Launcher Type: SUN_STANDARD

Environment Variables:
CLASSPATH=.;C:\Program Files (x86)\Java\jre6\lib\ext\QTJava.zip
PATH=C:\Windows\system32;C:\Windows;C:\Windows\System32\Wbem;C:\Program Files (x86)\Microsoft SQL Server\80\Tools\Binn\;C:\Program Files (x86)\QuickTime\QTSystem\;C:\Sun\SDK\bin
USERNAME=Owner
OS=Windows_NT
PROCESSOR_IDENTIFIER=Intel64 Family 6 Model 23 Stepping 6, GenuineIntel



---------------  S Y S T E M  ---------------

OS: Windows Vista Build 6001 Service Pack 1

CPU:total 2 (2 cores per cpu, 1 threads per core) family 6 model 23 stepping 6, cmov, cx8, fxsr, mmx, sse, sse2, sse3, ssse3

Memory: 4k page, physical 6279440k(3486208k free), swap 12770896k(9804980k free)

vm_info: Java HotSpot(TM) 64-Bit Server VM (14.2-b01) for windows-amd64 JRE (1.6.0_16-b01), built on Jul 31 2009 05:24:11 by "java_re" with MS VC++ 8.0

time: Sun Oct 25 06:00:45 2009
elapsed time: 27 seconds

